<?xml version="1.0" encoding="UTF-8"?>
<testng-results skipped="0" failed="0" ignored="0" total="1" passed="1">
  <reporter-output>
  </reporter-output>
  <suite name="Default suite" duration-ms="31678" started-at="2022-06-13T04:34:08Z" finished-at="2022-06-13T04:34:39Z">
    <groups>
    </groups>
    <test name="Default test" duration-ms="31678" started-at="2022-06-13T04:34:08Z" finished-at="2022-06-13T04:34:39Z">
      <class name="PractiseTestScripts.oneEndtoEndCheckoutTest">
        <test-method status="PASS" signature="Browserlaunch()[pri:0, instance:PractiseTestScripts.oneEndtoEndCheckoutTest@27efef64]" name="Browserlaunch" is-config="true" duration-ms="16986" started-at="2022-06-13T10:04:08Z" finished-at="2022-06-13T10:04:25Z">
          <reporter-output>
          </reporter-output>
        </test-method> <!-- Browserlaunch -->
        <test-method status="PASS" signature="Tc1()[pri:0, instance:PractiseTestScripts.oneEndtoEndCheckoutTest@27efef64]" name="Tc1" duration-ms="13408" started-at="2022-06-13T10:04:25Z" finished-at="2022-06-13T10:04:38Z">
          <reporter-output>
          </reporter-output>
        </test-method> <!-- Tc1 -->
        <test-method status="PASS" signature="CloseBrowser()[pri:0, instance:PractiseTestScripts.oneEndtoEndCheckoutTest@27efef64]" name="CloseBrowser" is-config="true" duration-ms="1203" started-at="2022-06-13T10:04:38Z" finished-at="2022-06-13T10:04:39Z">
          <reporter-output>
          </reporter-output>
        </test-method> <!-- CloseBrowser -->
      </class> <!-- PractiseTestScripts.oneEndtoEndCheckoutTest -->
    </test> <!-- Default test -->
  </suite> <!-- Default suite -->
</testng-results>
